Start testing: Mar 24 09:20 EDT
----------------------------------------------------------
1/15 Testing: Graphe.constructeur_nothrow
1/15 Test: Graphe.constructeur_nothrow
Command: "/Users/jacquesboisclair/CLionProjects/TP2/TP2/cmake-build-debug/TP2_Tests/Tests" "--gtest_filter=Graphe.constructeur_nothrow" "--gtest_also_run_disabled_tests"
Directory: /Users/jacquesboisclair/CLionProjects/TP2/TP2/cmake-build-debug/TP2_Tests
"Graphe.constructeur_nothrow" start time: Mar 24 09:20 EDT
Output:
----------------------------------------------------------
Running main() from /Users/jacquesboisclair/CLionProjects/TP2/TP2/cmake-build-debug/_deps/googletest-src/googletest/src/gtest_main.cc
Note: Google Test filter = Graphe.constructeur_nothrow
[==========] Running 1 test from 1 test suite.
[----------] Global test environment set-up.
[----------] 1 test from Graphe
[ RUN      ] Graphe.constructeur_nothrow
[       OK ] Graphe.constructeur_nothrow (0 ms)
[----------] 1 test from Graphe (0 ms total)

[----------] Global test environment tear-down
[==========] 1 test from 1 test suite ran. (0 ms total)
[  PASSED  ] 1 test.
<end of output>
Test time =   0.01 sec
----------------------------------------------------------
Test Passed.
"Graphe.constructeur_nothrow" end time: Mar 24 09:20 EDT
"Graphe.constructeur_nothrow" time elapsed: 00:00:00
----------------------------------------------------------

2/15 Testing: Graphe.constructeur_nbrDeSommets
2/15 Test: Graphe.constructeur_nbrDeSommets
Command: "/Users/jacquesboisclair/CLionProjects/TP2/TP2/cmake-build-debug/TP2_Tests/Tests" "--gtest_filter=Graphe.constructeur_nbrDeSommets" "--gtest_also_run_disabled_tests"
Directory: /Users/jacquesboisclair/CLionProjects/TP2/TP2/cmake-build-debug/TP2_Tests
"Graphe.constructeur_nbrDeSommets" start time: Mar 24 09:20 EDT
Output:
----------------------------------------------------------
Running main() from /Users/jacquesboisclair/CLionProjects/TP2/TP2/cmake-build-debug/_deps/googletest-src/googletest/src/gtest_main.cc
Note: Google Test filter = Graphe.constructeur_nbrDeSommets
[==========] Running 1 test from 1 test suite.
[----------] Global test environment set-up.
[----------] 1 test from Graphe
[ RUN      ] Graphe.constructeur_nbrDeSommets
[       OK ] Graphe.constructeur_nbrDeSommets (0 ms)
[----------] 1 test from Graphe (0 ms total)

[----------] Global test environment tear-down
[==========] 1 test from 1 test suite ran. (0 ms total)
[  PASSED  ] 1 test.
<end of output>
Test time =   0.01 sec
----------------------------------------------------------
Test Passed.
"Graphe.constructeur_nbrDeSommets" end time: Mar 24 09:20 EDT
"Graphe.constructeur_nbrDeSommets" time elapsed: 00:00:00
----------------------------------------------------------

3/15 Testing: Graphe.resize
3/15 Test: Graphe.resize
Command: "/Users/jacquesboisclair/CLionProjects/TP2/TP2/cmake-build-debug/TP2_Tests/Tests" "--gtest_filter=Graphe.resize" "--gtest_also_run_disabled_tests"
Directory: /Users/jacquesboisclair/CLionProjects/TP2/TP2/cmake-build-debug/TP2_Tests
"Graphe.resize" start time: Mar 24 09:20 EDT
Output:
----------------------------------------------------------
Running main() from /Users/jacquesboisclair/CLionProjects/TP2/TP2/cmake-build-debug/_deps/googletest-src/googletest/src/gtest_main.cc
Note: Google Test filter = Graphe.resize
[==========] Running 1 test from 1 test suite.
[----------] Global test environment set-up.
[----------] 1 test from Graphe
[ RUN      ] Graphe.resize
[       OK ] Graphe.resize (0 ms)
[----------] 1 test from Graphe (0 ms total)

[----------] Global test environment tear-down
[==========] 1 test from 1 test suite ran. (0 ms total)
[  PASSED  ] 1 test.
<end of output>
Test time =   0.01 sec
----------------------------------------------------------
Test Passed.
"Graphe.resize" end time: Mar 24 09:20 EDT
"Graphe.resize" time elapsed: 00:00:00
----------------------------------------------------------

4/15 Testing: Graphe.nommer
4/15 Test: Graphe.nommer
Command: "/Users/jacquesboisclair/CLionProjects/TP2/TP2/cmake-build-debug/TP2_Tests/Tests" "--gtest_filter=Graphe.nommer" "--gtest_also_run_disabled_tests"
Directory: /Users/jacquesboisclair/CLionProjects/TP2/TP2/cmake-build-debug/TP2_Tests
"Graphe.nommer" start time: Mar 24 09:20 EDT
Output:
----------------------------------------------------------
Running main() from /Users/jacquesboisclair/CLionProjects/TP2/TP2/cmake-build-debug/_deps/googletest-src/googletest/src/gtest_main.cc
Note: Google Test filter = Graphe.nommer
[==========] Running 1 test from 1 test suite.
[----------] Global test environment set-up.
[----------] 1 test from Graphe
[ RUN      ] Graphe.nommer
[       OK ] Graphe.nommer (0 ms)
[----------] 1 test from Graphe (0 ms total)

[----------] Global test environment tear-down
[==========] 1 test from 1 test suite ran. (0 ms total)
[  PASSED  ] 1 test.
<end of output>
Test time =   0.01 sec
----------------------------------------------------------
Test Passed.
"Graphe.nommer" end time: Mar 24 09:20 EDT
"Graphe.nommer" time elapsed: 00:00:00
----------------------------------------------------------

5/15 Testing: Graphe.nommerSommetTropGrand
5/15 Test: Graphe.nommerSommetTropGrand
Command: "/Users/jacquesboisclair/CLionProjects/TP2/TP2/cmake-build-debug/TP2_Tests/Tests" "--gtest_filter=Graphe.nommerSommetTropGrand" "--gtest_also_run_disabled_tests"
Directory: /Users/jacquesboisclair/CLionProjects/TP2/TP2/cmake-build-debug/TP2_Tests
"Graphe.nommerSommetTropGrand" start time: Mar 24 09:20 EDT
Output:
----------------------------------------------------------
Running main() from /Users/jacquesboisclair/CLionProjects/TP2/TP2/cmake-build-debug/_deps/googletest-src/googletest/src/gtest_main.cc
Note: Google Test filter = Graphe.nommerSommetTropGrand
[==========] Running 1 test from 1 test suite.
[----------] Global test environment set-up.
[----------] 1 test from Graphe
[ RUN      ] Graphe.nommerSommetTropGrand
[       OK ] Graphe.nommerSommetTropGrand (0 ms)
[----------] 1 test from Graphe (0 ms total)

[----------] Global test environment tear-down
[==========] 1 test from 1 test suite ran. (0 ms total)
[  PASSED  ] 1 test.
<end of output>
Test time =   0.01 sec
----------------------------------------------------------
Test Passed.
"Graphe.nommerSommetTropGrand" end time: Mar 24 09:20 EDT
"Graphe.nommerSommetTropGrand" time elapsed: 00:00:00
----------------------------------------------------------

6/15 Testing: Graphe.ajouterArc
6/15 Test: Graphe.ajouterArc
Command: "/Users/jacquesboisclair/CLionProjects/TP2/TP2/cmake-build-debug/TP2_Tests/Tests" "--gtest_filter=Graphe.ajouterArc" "--gtest_also_run_disabled_tests"
Directory: /Users/jacquesboisclair/CLionProjects/TP2/TP2/cmake-build-debug/TP2_Tests
"Graphe.ajouterArc" start time: Mar 24 09:20 EDT
Output:
----------------------------------------------------------
Running main() from /Users/jacquesboisclair/CLionProjects/TP2/TP2/cmake-build-debug/_deps/googletest-src/googletest/src/gtest_main.cc
Note: Google Test filter = Graphe.ajouterArc
[==========] Running 1 test from 1 test suite.
[----------] Global test environment set-up.
[----------] 1 test from Graphe
[ RUN      ] Graphe.ajouterArc
[       OK ] Graphe.ajouterArc (1 ms)
[----------] 1 test from Graphe (1 ms total)

[----------] Global test environment tear-down
[==========] 1 test from 1 test suite ran. (1 ms total)
[  PASSED  ] 1 test.
<end of output>
Test time =   0.01 sec
----------------------------------------------------------
Test Passed.
"Graphe.ajouterArc" end time: Mar 24 09:20 EDT
"Graphe.ajouterArc" time elapsed: 00:00:00
----------------------------------------------------------

7/15 Testing: Graphe.enleverArc
7/15 Test: Graphe.enleverArc
Command: "/Users/jacquesboisclair/CLionProjects/TP2/TP2/cmake-build-debug/TP2_Tests/Tests" "--gtest_filter=Graphe.enleverArc" "--gtest_also_run_disabled_tests"
Directory: /Users/jacquesboisclair/CLionProjects/TP2/TP2/cmake-build-debug/TP2_Tests
"Graphe.enleverArc" start time: Mar 24 09:20 EDT
Output:
----------------------------------------------------------
Running main() from /Users/jacquesboisclair/CLionProjects/TP2/TP2/cmake-build-debug/_deps/googletest-src/googletest/src/gtest_main.cc
Note: Google Test filter = Graphe.enleverArc
[==========] Running 1 test from 1 test suite.
[----------] Global test environment set-up.
[----------] 1 test from Graphe
[ RUN      ] Graphe.enleverArc
[       OK ] Graphe.enleverArc (1 ms)
[----------] 1 test from Graphe (1 ms total)

[----------] Global test environment tear-down
[==========] 1 test from 1 test suite ran. (1 ms total)
[  PASSED  ] 1 test.
<end of output>
Test time =   0.01 sec
----------------------------------------------------------
Test Passed.
"Graphe.enleverArc" end time: Mar 24 09:20 EDT
"Graphe.enleverArc" time elapsed: 00:00:00
----------------------------------------------------------

8/15 Testing: Graphe.arcExiste
8/15 Test: Graphe.arcExiste
Command: "/Users/jacquesboisclair/CLionProjects/TP2/TP2/cmake-build-debug/TP2_Tests/Tests" "--gtest_filter=Graphe.arcExiste" "--gtest_also_run_disabled_tests"
Directory: /Users/jacquesboisclair/CLionProjects/TP2/TP2/cmake-build-debug/TP2_Tests
"Graphe.arcExiste" start time: Mar 24 09:20 EDT
Output:
----------------------------------------------------------
Running main() from /Users/jacquesboisclair/CLionProjects/TP2/TP2/cmake-build-debug/_deps/googletest-src/googletest/src/gtest_main.cc
Note: Google Test filter = Graphe.arcExiste
[==========] Running 1 test from 1 test suite.
[----------] Global test environment set-up.
[----------] 1 test from Graphe
[ RUN      ] Graphe.arcExiste
[       OK ] Graphe.arcExiste (1 ms)
[----------] 1 test from Graphe (1 ms total)

[----------] Global test environment tear-down
[==========] 1 test from 1 test suite ran. (1 ms total)
[  PASSED  ] 1 test.
<end of output>
Test time =   0.01 sec
----------------------------------------------------------
Test Passed.
"Graphe.arcExiste" end time: Mar 24 09:20 EDT
"Graphe.arcExiste" time elapsed: 00:00:00
----------------------------------------------------------

9/15 Testing: Graphe.listerSommetsAdjacents
9/15 Test: Graphe.listerSommetsAdjacents
Command: "/Users/jacquesboisclair/CLionProjects/TP2/TP2/cmake-build-debug/TP2_Tests/Tests" "--gtest_filter=Graphe.listerSommetsAdjacents" "--gtest_also_run_disabled_tests"
Directory: /Users/jacquesboisclair/CLionProjects/TP2/TP2/cmake-build-debug/TP2_Tests
"Graphe.listerSommetsAdjacents" start time: Mar 24 09:20 EDT
Output:
----------------------------------------------------------
Running main() from /Users/jacquesboisclair/CLionProjects/TP2/TP2/cmake-build-debug/_deps/googletest-src/googletest/src/gtest_main.cc
Note: Google Test filter = Graphe.listerSommetsAdjacents
[==========] Running 1 test from 1 test suite.
[----------] Global test environment set-up.
[----------] 1 test from Graphe
[ RUN      ] Graphe.listerSommetsAdjacents
[       OK ] Graphe.listerSommetsAdjacents (0 ms)
[----------] 1 test from Graphe (0 ms total)

[----------] Global test environment tear-down
[==========] 1 test from 1 test suite ran. (0 ms total)
[  PASSED  ] 1 test.
<end of output>
Test time =   0.01 sec
----------------------------------------------------------
Test Passed.
"Graphe.listerSommetsAdjacents" end time: Mar 24 09:20 EDT
"Graphe.listerSommetsAdjacents" time elapsed: 00:00:00
----------------------------------------------------------

10/15 Testing: Graphe.accesseur_nomSommet
10/15 Test: Graphe.accesseur_nomSommet
Command: "/Users/jacquesboisclair/CLionProjects/TP2/TP2/cmake-build-debug/TP2_Tests/Tests" "--gtest_filter=Graphe.accesseur_nomSommet" "--gtest_also_run_disabled_tests"
Directory: /Users/jacquesboisclair/CLionProjects/TP2/TP2/cmake-build-debug/TP2_Tests
"Graphe.accesseur_nomSommet" start time: Mar 24 09:20 EDT
Output:
----------------------------------------------------------
Running main() from /Users/jacquesboisclair/CLionProjects/TP2/TP2/cmake-build-debug/_deps/googletest-src/googletest/src/gtest_main.cc
Note: Google Test filter = Graphe.accesseur_nomSommet
[==========] Running 1 test from 1 test suite.
[----------] Global test environment set-up.
[----------] 1 test from Graphe
[ RUN      ] Graphe.accesseur_nomSommet
[       OK ] Graphe.accesseur_nomSommet (0 ms)
[----------] 1 test from Graphe (0 ms total)

[----------] Global test environment tear-down
[==========] 1 test from 1 test suite ran. (0 ms total)
[  PASSED  ] 1 test.
<end of output>
Test time =   0.01 sec
----------------------------------------------------------
Test Passed.
"Graphe.accesseur_nomSommet" end time: Mar 24 09:20 EDT
"Graphe.accesseur_nomSommet" time elapsed: 00:00:00
----------------------------------------------------------

11/15 Testing: Graphe.accesseur_numeroSommet
11/15 Test: Graphe.accesseur_numeroSommet
Command: "/Users/jacquesboisclair/CLionProjects/TP2/TP2/cmake-build-debug/TP2_Tests/Tests" "--gtest_filter=Graphe.accesseur_numeroSommet" "--gtest_also_run_disabled_tests"
Directory: /Users/jacquesboisclair/CLionProjects/TP2/TP2/cmake-build-debug/TP2_Tests
"Graphe.accesseur_numeroSommet" start time: Mar 24 09:20 EDT
Output:
----------------------------------------------------------
Running main() from /Users/jacquesboisclair/CLionProjects/TP2/TP2/cmake-build-debug/_deps/googletest-src/googletest/src/gtest_main.cc
Note: Google Test filter = Graphe.accesseur_numeroSommet
[==========] Running 1 test from 1 test suite.
[----------] Global test environment set-up.
[----------] 1 test from Graphe
[ RUN      ] Graphe.accesseur_numeroSommet
[       OK ] Graphe.accesseur_numeroSommet (0 ms)
[----------] 1 test from Graphe (0 ms total)

[----------] Global test environment tear-down
[==========] 1 test from 1 test suite ran. (1 ms total)
[  PASSED  ] 1 test.
<end of output>
Test time =   0.01 sec
----------------------------------------------------------
Test Passed.
"Graphe.accesseur_numeroSommet" end time: Mar 24 09:20 EDT
"Graphe.accesseur_numeroSommet" time elapsed: 00:00:00
----------------------------------------------------------

12/15 Testing: Graphe.accesseur_nombrSommets
12/15 Test: Graphe.accesseur_nombrSommets
Command: "/Users/jacquesboisclair/CLionProjects/TP2/TP2/cmake-build-debug/TP2_Tests/Tests" "--gtest_filter=Graphe.accesseur_nombrSommets" "--gtest_also_run_disabled_tests"
Directory: /Users/jacquesboisclair/CLionProjects/TP2/TP2/cmake-build-debug/TP2_Tests
"Graphe.accesseur_nombrSommets" start time: Mar 24 09:20 EDT
Output:
----------------------------------------------------------
Running main() from /Users/jacquesboisclair/CLionProjects/TP2/TP2/cmake-build-debug/_deps/googletest-src/googletest/src/gtest_main.cc
Note: Google Test filter = Graphe.accesseur_nombrSommets
[==========] Running 1 test from 1 test suite.
[----------] Global test environment set-up.
[----------] 1 test from Graphe
[ RUN      ] Graphe.accesseur_nombrSommets
[       OK ] Graphe.accesseur_nombrSommets (0 ms)
[----------] 1 test from Graphe (0 ms total)

[----------] Global test environment tear-down
[==========] 1 test from 1 test suite ran. (0 ms total)
[  PASSED  ] 1 test.
<end of output>
Test time =   0.01 sec
----------------------------------------------------------
Test Passed.
"Graphe.accesseur_nombrSommets" end time: Mar 24 09:20 EDT
"Graphe.accesseur_nombrSommets" time elapsed: 00:00:00
----------------------------------------------------------

13/15 Testing: Graphe.accesseur_nombreArc
13/15 Test: Graphe.accesseur_nombreArc
Command: "/Users/jacquesboisclair/CLionProjects/TP2/TP2/cmake-build-debug/TP2_Tests/Tests" "--gtest_filter=Graphe.accesseur_nombreArc" "--gtest_also_run_disabled_tests"
Directory: /Users/jacquesboisclair/CLionProjects/TP2/TP2/cmake-build-debug/TP2_Tests
"Graphe.accesseur_nombreArc" start time: Mar 24 09:20 EDT
Output:
----------------------------------------------------------
Running main() from /Users/jacquesboisclair/CLionProjects/TP2/TP2/cmake-build-debug/_deps/googletest-src/googletest/src/gtest_main.cc
Note: Google Test filter = Graphe.accesseur_nombreArc
[==========] Running 1 test from 1 test suite.
[----------] Global test environment set-up.
[----------] 1 test from Graphe
[ RUN      ] Graphe.accesseur_nombreArc
[       OK ] Graphe.accesseur_nombreArc (0 ms)
[----------] 1 test from Graphe (0 ms total)

[----------] Global test environment tear-down
[==========] 1 test from 1 test suite ran. (0 ms total)
[  PASSED  ] 1 test.
<end of output>
Test time =   0.01 sec
----------------------------------------------------------
Test Passed.
"Graphe.accesseur_nombreArc" end time: Mar 24 09:20 EDT
"Graphe.accesseur_nombreArc" time elapsed: 00:00:00
----------------------------------------------------------

14/15 Testing: Graphe.accesseur_PonderationsArc
14/15 Test: Graphe.accesseur_PonderationsArc
Command: "/Users/jacquesboisclair/CLionProjects/TP2/TP2/cmake-build-debug/TP2_Tests/Tests" "--gtest_filter=Graphe.accesseur_PonderationsArc" "--gtest_also_run_disabled_tests"
Directory: /Users/jacquesboisclair/CLionProjects/TP2/TP2/cmake-build-debug/TP2_Tests
"Graphe.accesseur_PonderationsArc" start time: Mar 24 09:20 EDT
Output:
----------------------------------------------------------
Running main() from /Users/jacquesboisclair/CLionProjects/TP2/TP2/cmake-build-debug/_deps/googletest-src/googletest/src/gtest_main.cc
Note: Google Test filter = Graphe.accesseur_PonderationsArc
[==========] Running 1 test from 1 test suite.
[----------] Global test environment set-up.
[----------] 1 test from Graphe
[ RUN      ] Graphe.accesseur_PonderationsArc
[       OK ] Graphe.accesseur_PonderationsArc (1 ms)
[----------] 1 test from Graphe (1 ms total)

[----------] Global test environment tear-down
[==========] 1 test from 1 test suite ran. (1 ms total)
[  PASSED  ] 1 test.
<end of output>
Test time =   0.01 sec
----------------------------------------------------------
Test Passed.
"Graphe.accesseur_PonderationsArc" end time: Mar 24 09:20 EDT
"Graphe.accesseur_PonderationsArc" time elapsed: 00:00:00
----------------------------------------------------------

15/15 Testing: ReseauAerien.ajouterPonderations
15/15 Test: ReseauAerien.ajouterPonderations
Command: "/Users/jacquesboisclair/CLionProjects/TP2/TP2/cmake-build-debug/TP2_Tests/Tests" "--gtest_filter=ReseauAerien.ajouterPonderations" "--gtest_also_run_disabled_tests"
Directory: /Users/jacquesboisclair/CLionProjects/TP2/TP2/cmake-build-debug/TP2_Tests
"ReseauAerien.ajouterPonderations" start time: Mar 24 09:20 EDT
Output:
----------------------------------------------------------
Running main() from /Users/jacquesboisclair/CLionProjects/TP2/TP2/cmake-build-debug/_deps/googletest-src/googletest/src/gtest_main.cc
Note: Google Test filter = ReseauAerien.ajouterPonderations
[==========] Running 1 test from 1 test suite.
[----------] Global test environment set-up.
[----------] 1 test from ReseauAerien
[ RUN      ] ReseauAerien.ajouterPonderations
[       OK ] ReseauAerien.ajouterPonderations (0 ms)
[----------] 1 test from ReseauAerien (0 ms total)

[----------] Global test environment tear-down
[==========] 1 test from 1 test suite ran. (0 ms total)
[  PASSED  ] 1 test.
<end of output>
Test time =   0.01 sec
----------------------------------------------------------
Test Passed.
"ReseauAerien.ajouterPonderations" end time: Mar 24 09:20 EDT
"ReseauAerien.ajouterPonderations" time elapsed: 00:00:00
----------------------------------------------------------

End testing: Mar 24 09:20 EDT
